<?xml version="1.0" encoding="UTF-8"?>
<testng-results ignored="0" total="1" passed="1" failed="0" skipped="0">
  <reporter-output>
  </reporter-output>
  <suite started-at="2023-11-02T19:21:16 IST" name="Default suite" finished-at="2023-11-02T19:21:19 IST" duration-ms="3123">
    <groups>
    </groups>
    <test started-at="2023-11-02T19:21:16 IST" name="Default test" finished-at="2023-11-02T19:21:19 IST" duration-ms="3123">
      <class name="test1.NavigatingToFlipkart">
        <test-method signature="FlipSearch()[pri:0, instance:test1.NavigatingToFlipkart@13fd2ccd]" started-at="2023-11-02T19:21:16 IST" name="FlipSearch" finished-at="2023-11-02T19:21:19 IST" duration-ms="3090" status="PASS">
          <reporter-output>
          </reporter-output>
        </test-method> <!-- FlipSearch -->
      </class> <!-- test1.NavigatingToFlipkart -->
    </test> <!-- Default test -->
  </suite> <!-- Default suite -->
</testng-results>
